
Gurobi 9.1.2 (win64, Java) logging started Thu Oct 28 09:33:48 2021


--------------------------------------------
Warning: your license will expire in 10 days
--------------------------------------------

Academic license - for non-commercial use only - expires 2021-11-07

Gurobi 9.1.2 (win64, Java) logging started Thu Oct 28 09:34:45 2021


--------------------------------------------
Warning: your license will expire in 10 days
--------------------------------------------

Academic license - for non-commercial use only - expires 2021-11-07

Gurobi 9.1.2 (win64, Java) logging started Thu Oct 28 09:50:46 2021


--------------------------------------------
Warning: your license will expire in 10 days
--------------------------------------------

Academic license - for non-commercial use only - expires 2021-11-07

Gurobi 9.1.2 (win64, Java) logging started Thu Oct 28 11:49:51 2021


--------------------------------------------
Warning: your license will expire in 10 days
--------------------------------------------

Academic license - for non-commercial use only - expires 2021-11-07
Gurobi Optimizer version 9.1.2 build v9.1.2rc0 (win64)
Thread count: 2 physical cores, 4 logical processors, using up to 4 threads
Optimize a model with 153 rows, 3600 columns and 13804 nonzeros
Model fingerprint: 0x45550cff
Variable types: 0 continuous, 3600 integer (3600 binary)
Coefficient statistics:
  Matrix range     [1e+00, 1e+03]
  Objective range  [2e+00, 1e+03]
  Bounds range     [1e+00, 1e+00]
  RHS range        [1e+00, 1e+02]
Presolve removed 0 rows and 3536 columns
Presolve time: 0.00s

Explored 0 nodes (0 simplex iterations) in 0.01 seconds
Thread count was 1 (of 4 available processors)

Solution count 0

Model is infeasible
Best objective -, best bound -, gap -

Gurobi 9.1.2 (win64, Java) logging started Thu Oct 28 11:50:31 2021


--------------------------------------------
Warning: your license will expire in 10 days
--------------------------------------------

Academic license - for non-commercial use only - expires 2021-11-07
Gurobi Optimizer version 9.1.2 build v9.1.2rc0 (win64)
Thread count: 2 physical cores, 4 logical processors, using up to 4 threads
Optimize a model with 0 rows, 3600 columns and 0 nonzeros
Model fingerprint: 0x79f4ced6
Variable types: 0 continuous, 3600 integer (3600 binary)
Coefficient statistics:
  Matrix range     [0e+00, 0e+00]
  Objective range  [2e+00, 1e+03]
  Bounds range     [1e+00, 1e+00]
  RHS range        [0e+00, 0e+00]
Found heuristic solution: objective 0.0000000

Explored 0 nodes (0 simplex iterations) in 0.00 seconds
Thread count was 1 (of 4 available processors)

Solution count 1: 0 

Optimal solution found (tolerance 1.00e-04)
Best objective 0.000000000000e+00, best bound 0.000000000000e+00, gap 0.0000%

Gurobi 9.1.2 (win64, Java) logging started Thu Oct 28 11:51:01 2021


--------------------------------------------
Warning: your license will expire in 10 days
--------------------------------------------

Academic license - for non-commercial use only - expires 2021-11-07
Gurobi Optimizer version 9.1.2 build v9.1.2rc0 (win64)
Thread count: 2 physical cores, 4 logical processors, using up to 4 threads
Optimize a model with 0 rows, 3600 columns and 0 nonzeros
Model fingerprint: 0x79f4ced6
Variable types: 0 continuous, 3600 integer (3600 binary)
Coefficient statistics:
  Matrix range     [0e+00, 0e+00]
  Objective range  [2e+00, 1e+03]
  Bounds range     [1e+00, 1e+00]
  RHS range        [0e+00, 0e+00]
Found heuristic solution: objective 0.0000000

Explored 0 nodes (0 simplex iterations) in 0.00 seconds
Thread count was 1 (of 4 available processors)

Solution count 1: 0 

Optimal solution found (tolerance 1.00e-04)
Best objective 0.000000000000e+00, best bound 0.000000000000e+00, gap 0.0000%

Gurobi 9.1.2 (win64, Java) logging started Thu Oct 28 11:51:25 2021


--------------------------------------------
Warning: your license will expire in 10 days
--------------------------------------------

Academic license - for non-commercial use only - expires 2021-11-07
Gurobi Optimizer version 9.1.2 build v9.1.2rc0 (win64)
Thread count: 2 physical cores, 4 logical processors, using up to 4 threads
Optimize a model with 120 rows, 3600 columns and 6960 nonzeros
Model fingerprint: 0xc10a4753
Variable types: 0 continuous, 3600 integer (3600 binary)
Coefficient statistics:
  Matrix range     [1e+00, 1e+00]
  Objective range  [2e+00, 1e+03]
  Bounds range     [1e+00, 1e+00]
  RHS range        [0e+00, 0e+00]
Found heuristic solution: objective 0.0000000

Explored 0 nodes (0 simplex iterations) in 0.00 seconds
Thread count was 1 (of 4 available processors)

Solution count 1: 0 

Optimal solution found (tolerance 1.00e-04)
Best objective 0.000000000000e+00, best bound 0.000000000000e+00, gap 0.0000%

Gurobi 9.1.2 (win64, Java) logging started Thu Oct 28 11:52:02 2021


--------------------------------------------
Warning: your license will expire in 10 days
--------------------------------------------

Academic license - for non-commercial use only - expires 2021-11-07
Gurobi Optimizer version 9.1.2 build v9.1.2rc0 (win64)
Thread count: 2 physical cores, 4 logical processors, using up to 4 threads
Optimize a model with 149 rows, 3600 columns and 10324 nonzeros
Model fingerprint: 0xf1592e10
Variable types: 0 continuous, 3600 integer (3600 binary)
Coefficient statistics:
  Matrix range     [1e+00, 1e+00]
  Objective range  [2e+00, 1e+03]
  Bounds range     [1e+00, 1e+00]
  RHS range        [1e+00, 1e+00]
Presolve removed 0 rows and 120 columns
Presolve time: 0.03s
Presolved: 149 rows, 3480 columns, 10324 nonzeros
Variable types: 0 continuous, 3480 integer (3480 binary)
Found heuristic solution: objective 31233.861760
Found heuristic solution: objective 15490.344200

Root relaxation: objective 3.178256e+03, 113 iterations, 0.01 seconds

    Nodes    |    Current Node    |     Objective Bounds      |     Work
 Expl Unexpl |  Obj  Depth IntInf | Incumbent    BestBd   Gap | It/Node Time

     0     0 3178.25605    0    6 15490.3442 3178.25605  79.5%     -    0s
H    0     0                    3503.2182501 3178.25605  9.28%     -    0s
H    0     0                    3501.7968830 3178.25605  9.24%     -    0s
H    0     0                    3178.2560468 3178.25605  0.00%     -    0s
     0     0 3178.25605    0    6 3178.25605 3178.25605  0.00%     -    0s

Explored 1 nodes (113 simplex iterations) in 0.09 seconds
Thread count was 4 (of 4 available processors)

Solution count 5: 3178.26 3501.8 3503.22 ... 31233.9

Optimal solution found (tolerance 1.00e-04)
Best objective 3.178256046781e+03, best bound 3.178256046781e+03, gap 0.0000%

Gurobi 9.1.2 (win64, Java) logging started Thu Oct 28 11:53:21 2021


--------------------------------------------
Warning: your license will expire in 10 days
--------------------------------------------

Academic license - for non-commercial use only - expires 2021-11-07
Gurobi Optimizer version 9.1.2 build v9.1.2rc0 (win64)
Thread count: 2 physical cores, 4 logical processors, using up to 4 threads
Optimize a model with 149 rows, 3600 columns and 10324 nonzeros
Model fingerprint: 0xf1592e10
Variable types: 0 continuous, 3600 integer (3600 binary)
Coefficient statistics:
  Matrix range     [1e+00, 1e+00]
  Objective range  [2e+00, 1e+03]
  Bounds range     [1e+00, 1e+00]
  RHS range        [1e+00, 1e+00]
Presolve removed 0 rows and 120 columns
Presolve time: 0.03s
Presolved: 149 rows, 3480 columns, 10324 nonzeros
Variable types: 0 continuous, 3480 integer (3480 binary)
Found heuristic solution: objective 31233.861760
Found heuristic solution: objective 15490.344200

Root relaxation: objective 3.178256e+03, 113 iterations, 0.00 seconds

    Nodes    |    Current Node    |     Objective Bounds      |     Work
 Expl Unexpl |  Obj  Depth IntInf | Incumbent    BestBd   Gap | It/Node Time

     0     0 3178.25605    0    6 15490.3442 3178.25605  79.5%     -    0s
H    0     0                    3503.2182501 3178.25605  9.28%     -    0s
H    0     0                    3501.7968830 3178.25605  9.24%     -    0s
H    0     0                    3178.2560468 3178.25605  0.00%     -    0s
     0     0 3178.25605    0    6 3178.25605 3178.25605  0.00%     -    0s

Explored 1 nodes (113 simplex iterations) in 0.06 seconds
Thread count was 4 (of 4 available processors)

Solution count 5: 3178.26 3501.8 3503.22 ... 31233.9

Optimal solution found (tolerance 1.00e-04)
Best objective 3.178256046781e+03, best bound 3.178256046781e+03, gap 0.0000%

Gurobi 9.1.2 (win64, Java) logging started Thu Oct 28 11:56:43 2021


--------------------------------------------
Warning: your license will expire in 10 days
--------------------------------------------

Academic license - for non-commercial use only - expires 2021-11-07
Gurobi Optimizer version 9.1.2 build v9.1.2rc0 (win64)
Thread count: 2 physical cores, 4 logical processors, using up to 4 threads
Optimize a model with 153 rows, 3600 columns and 13804 nonzeros
Model fingerprint: 0x45550cff
Variable types: 0 continuous, 3600 integer (3600 binary)
Coefficient statistics:
  Matrix range     [1e+00, 1e+03]
  Objective range  [2e+00, 1e+03]
  Bounds range     [1e+00, 1e+00]
  RHS range        [1e+00, 1e+02]
Presolve removed 0 rows and 3536 columns
Presolve time: 0.00s

Explored 0 nodes (0 simplex iterations) in 0.01 seconds
Thread count was 1 (of 4 available processors)

Solution count 0

Model is infeasible
Best objective -, best bound -, gap -

Gurobi 9.1.2 (win64, Java) logging started Thu Oct 28 11:58:46 2021


--------------------------------------------
Warning: your license will expire in 10 days
--------------------------------------------

Academic license - for non-commercial use only - expires 2021-11-07
Gurobi Optimizer version 9.1.2 build v9.1.2rc0 (win64)
Thread count: 2 physical cores, 4 logical processors, using up to 4 threads
Optimize a model with 153 rows, 3600 columns and 13804 nonzeros
Model fingerprint: 0x72c2a929
Variable types: 0 continuous, 3600 integer (3600 binary)
Coefficient statistics:
  Matrix range     [1e+00, 1e+03]
  Objective range  [2e+00, 1e+03]
  Bounds range     [1e+00, 1e+00]
  RHS range        [1e+00, 1e+02]
Found heuristic solution: objective 16360.380390
Presolve removed 0 rows and 120 columns
Presolve time: 0.03s
Presolved: 153 rows, 3480 columns, 13700 nonzeros
Variable types: 0 continuous, 3480 integer (3480 binary)

Root relaxation: objective 3.178256e+03, 143 iterations, 0.00 seconds

    Nodes    |    Current Node    |     Objective Bounds      |     Work
 Expl Unexpl |  Obj  Depth IntInf | Incumbent    BestBd   Gap | It/Node Time

*    0     0               0    3178.2560468 3178.25605  0.00%     -    0s

Explored 0 nodes (143 simplex iterations) in 0.04 seconds
Thread count was 4 (of 4 available processors)

Solution count 2: 3178.26 16360.4 

Optimal solution found (tolerance 1.00e-04)
Best objective 3.178256046781e+03, best bound 3.178256046781e+03, gap 0.0000%

Gurobi 9.1.2 (win64, Java) logging started Thu Oct 28 12:00:22 2021


--------------------------------------------
Warning: your license will expire in 10 days
--------------------------------------------

Academic license - for non-commercial use only - expires 2021-11-07
Gurobi Optimizer version 9.1.2 build v9.1.2rc0 (win64)
Thread count: 2 physical cores, 4 logical processors, using up to 4 threads
Optimize a model with 153 rows, 3600 columns and 13804 nonzeros
Model fingerprint: 0x72c2a929
Variable types: 0 continuous, 3600 integer (3600 binary)
Coefficient statistics:
  Matrix range     [1e+00, 1e+03]
  Objective range  [2e+00, 1e+03]
  Bounds range     [1e+00, 1e+00]
  RHS range        [1e+00, 1e+02]
Found heuristic solution: objective 16360.380390
Presolve removed 0 rows and 120 columns
Presolve time: 0.04s
Presolved: 153 rows, 3480 columns, 13700 nonzeros
Variable types: 0 continuous, 3480 integer (3480 binary)

Root relaxation: objective 3.178256e+03, 143 iterations, 0.01 seconds

    Nodes    |    Current Node    |     Objective Bounds      |     Work
 Expl Unexpl |  Obj  Depth IntInf | Incumbent    BestBd   Gap | It/Node Time

*    0     0               0    3178.2560468 3178.25605  0.00%     -    0s

Explored 0 nodes (143 simplex iterations) in 0.06 seconds
Thread count was 4 (of 4 available processors)

Solution count 2: 3178.26 16360.4 

Optimal solution found (tolerance 1.00e-04)
Best objective 3.178256046781e+03, best bound 3.178256046781e+03, gap 0.0000%

Gurobi 9.1.2 (win64, Java) logging started Thu Oct 28 12:02:48 2021


--------------------------------------------
Warning: your license will expire in 10 days
--------------------------------------------

Academic license - for non-commercial use only - expires 2021-11-07
Gurobi Optimizer version 9.1.2 build v9.1.2rc0 (win64)
Thread count: 2 physical cores, 4 logical processors, using up to 4 threads
Optimize a model with 153 rows, 3600 columns and 13804 nonzeros
Model fingerprint: 0x1fb5b551
Variable types: 0 continuous, 3600 integer (3600 binary)
Coefficient statistics:
  Matrix range     [1e+00, 2e+01]
  Objective range  [2e+00, 1e+03]
  Bounds range     [1e+00, 1e+00]
  RHS range        [1e+00, 1e+02]
Found heuristic solution: objective 16762.062992
Presolve removed 4 rows and 120 columns
Presolve time: 0.02s
Presolved: 149 rows, 3480 columns, 10324 nonzeros
Variable types: 0 continuous, 3480 integer (3480 binary)

Root relaxation: objective 3.178256e+03, 113 iterations, 0.00 seconds

    Nodes    |    Current Node    |     Objective Bounds      |     Work
 Expl Unexpl |  Obj  Depth IntInf | Incumbent    BestBd   Gap | It/Node Time

     0     0 3178.25605    0    6 16762.0630 3178.25605  81.0%     -    0s
H    0     0                    3503.2182501 3178.25605  9.28%     -    0s
H    0     0                    3501.7968830 3178.25605  9.24%     -    0s
H    0     0                    3178.2560468 3178.25605  0.00%     -    0s
     0     0 3178.25605    0    6 3178.25605 3178.25605  0.00%     -    0s

Explored 1 nodes (113 simplex iterations) in 0.04 seconds
Thread count was 4 (of 4 available processors)

Solution count 4: 3178.26 3501.8 3503.22 16762.1 

Optimal solution found (tolerance 1.00e-04)
Best objective 3.178256046781e+03, best bound 3.178256046781e+03, gap 0.0000%

Gurobi 9.1.2 (win64, Java) logging started Thu Oct 28 12:07:37 2021


--------------------------------------------
Warning: your license will expire in 10 days
--------------------------------------------

Academic license - for non-commercial use only - expires 2021-11-07
Gurobi Optimizer version 9.1.2 build v9.1.2rc0 (win64)
Thread count: 2 physical cores, 4 logical processors, using up to 4 threads
Optimize a model with 273 rows, 3600 columns and 13924 nonzeros
Model fingerprint: 0xd3686d11
Variable types: 0 continuous, 3600 integer (3600 binary)
Coefficient statistics:
  Matrix range     [1e+00, 2e+01]
  Objective range  [2e+00, 1e+03]
  Bounds range     [1e+00, 1e+00]
  RHS range        [1e+00, 1e+02]
Presolve removed 120 rows and 120 columns
Presolve time: 0.02s
Presolved: 153 rows, 3480 columns, 13688 nonzeros
Variable types: 0 continuous, 3480 integer (3480 binary)

Root relaxation: infeasible, 90 iterations, 0.01 seconds

    Nodes    |    Current Node    |     Objective Bounds      |     Work
 Expl Unexpl |  Obj  Depth IntInf | Incumbent    BestBd   Gap | It/Node Time

     0     0 infeasible    0               - infeasible      -     -    0s

Explored 0 nodes (90 simplex iterations) in 0.05 seconds
Thread count was 4 (of 4 available processors)

Solution count 0

Model is infeasible
Best objective -, best bound -, gap -

Gurobi 9.1.2 (win64, Java) logging started Thu Oct 28 12:09:01 2021


--------------------------------------------
Warning: your license will expire in 10 days
--------------------------------------------

Academic license - for non-commercial use only - expires 2021-11-07

Gurobi 9.1.2 (win64, Java) logging started Thu Oct 28 12:10:07 2021


--------------------------------------------
Warning: your license will expire in 10 days
--------------------------------------------

Academic license - for non-commercial use only - expires 2021-11-07
Gurobi Optimizer version 9.1.2 build v9.1.2rc0 (win64)
Thread count: 2 physical cores, 4 logical processors, using up to 4 threads
Optimize a model with 153 rows, 3480 columns and 13688 nonzeros
Model fingerprint: 0x65ca1dad
Variable types: 0 continuous, 3480 integer (3480 binary)
Coefficient statistics:
  Matrix range     [1e+00, 2e+01]
  Objective range  [2e+00, 1e+03]
  Bounds range     [1e+00, 1e+00]
  RHS range        [1e+00, 1e+02]
Presolve time: 0.03s
Presolved: 153 rows, 3480 columns, 13688 nonzeros
Variable types: 0 continuous, 3480 integer (3480 binary)

Root relaxation: infeasible, 90 iterations, 0.00 seconds

    Nodes    |    Current Node    |     Objective Bounds      |     Work
 Expl Unexpl |  Obj  Depth IntInf | Incumbent    BestBd   Gap | It/Node Time

     0     0 infeasible    0               - infeasible      -     -    0s

Explored 0 nodes (90 simplex iterations) in 0.06 seconds
Thread count was 4 (of 4 available processors)

Solution count 0

Model is infeasible
Best objective -, best bound -, gap -

Gurobi 9.1.2 (win64, Java) logging started Thu Oct 28 12:10:33 2021


--------------------------------------------
Warning: your license will expire in 10 days
--------------------------------------------

Academic license - for non-commercial use only - expires 2021-11-07
Gurobi Optimizer version 9.1.2 build v9.1.2rc0 (win64)
Thread count: 2 physical cores, 4 logical processors, using up to 4 threads
Optimize a model with 149 rows, 3480 columns and 10324 nonzeros
Model fingerprint: 0xe7cbc2a9
Variable types: 0 continuous, 3480 integer (3480 binary)
Coefficient statistics:
  Matrix range     [1e+00, 1e+00]
  Objective range  [2e+00, 1e+03]
  Bounds range     [1e+00, 1e+00]
  RHS range        [1e+00, 1e+00]
Presolve time: 0.02s
Presolved: 149 rows, 3480 columns, 10324 nonzeros
Variable types: 0 continuous, 3480 integer (3480 binary)
Found heuristic solution: objective 31233.861760
Found heuristic solution: objective 15490.344200

Root relaxation: objective 3.178256e+03, 113 iterations, 0.00 seconds

    Nodes    |    Current Node    |     Objective Bounds      |     Work
 Expl Unexpl |  Obj  Depth IntInf | Incumbent    BestBd   Gap | It/Node Time

     0     0 3178.25605    0    6 15490.3442 3178.25605  79.5%     -    0s
H    0     0                    3503.2182501 3178.25605  9.28%     -    0s
H    0     0                    3501.7968830 3178.25605  9.24%     -    0s
H    0     0                    3178.2560468 3178.25605  0.00%     -    0s
     0     0 3178.25605    0    6 3178.25605 3178.25605  0.00%     -    0s

Explored 1 nodes (113 simplex iterations) in 0.07 seconds
Thread count was 4 (of 4 available processors)

Solution count 5: 3178.26 3501.8 3503.22 ... 31233.9

Optimal solution found (tolerance 1.00e-04)
Best objective 3.178256046781e+03, best bound 3.178256046781e+03, gap 0.0000%

Gurobi 9.1.2 (win64, Java) logging started Thu Oct 28 12:30:01 2021


--------------------------------------------
Warning: your license will expire in 10 days
--------------------------------------------

Academic license - for non-commercial use only - expires 2021-11-07
Gurobi Optimizer version 9.1.2 build v9.1.2rc0 (win64)
Thread count: 2 physical cores, 4 logical processors, using up to 4 threads
Optimize a model with 153 rows, 3480 columns and 10556 nonzeros
Model fingerprint: 0x20a748ca
Variable types: 0 continuous, 3480 integer (3480 binary)
Coefficient statistics:
  Matrix range     [1e+00, 1e+00]
  Objective range  [2e+00, 1e+03]
  Bounds range     [1e+00, 1e+00]
  RHS range        [1e+00, 1e+00]
Presolve removed 4 rows and 0 columns
Presolve time: 0.03s
Presolved: 149 rows, 3480 columns, 10324 nonzeros
Variable types: 0 continuous, 3480 integer (3480 binary)
Found heuristic solution: objective 31233.861760
Found heuristic solution: objective 15490.344200

Root relaxation: objective 3.178256e+03, 116 iterations, 0.01 seconds

    Nodes    |    Current Node    |     Objective Bounds      |     Work
 Expl Unexpl |  Obj  Depth IntInf | Incumbent    BestBd   Gap | It/Node Time

     0     0 3178.25605    0    6 15490.3442 3178.25605  79.5%     -    0s
H    0     0                    3178.2560468 3178.25605  0.00%     -    0s
     0     0 3178.25605    0    6 3178.25605 3178.25605  0.00%     -    0s

Explored 1 nodes (116 simplex iterations) in 0.09 seconds
Thread count was 4 (of 4 available processors)

Solution count 3: 3178.26 15490.3 31233.9 

Optimal solution found (tolerance 1.00e-04)
Best objective 3.178256046781e+03, best bound 3.178256046781e+03, gap 0.0000%

Gurobi 9.1.2 (win64, Java) logging started Thu Oct 28 12:31:16 2021


--------------------------------------------
Warning: your license will expire in 10 days
--------------------------------------------

Academic license - for non-commercial use only - expires 2021-11-07
Gurobi Optimizer version 9.1.2 build v9.1.2rc0 (win64)
Thread count: 2 physical cores, 4 logical processors, using up to 4 threads
Optimize a model with 157 rows, 3480 columns and 10556 nonzeros
Model fingerprint: 0x44e37946
Variable types: 0 continuous, 3480 integer (3480 binary)
Coefficient statistics:
  Matrix range     [1e+00, 1e+00]
  Objective range  [2e+00, 1e+03]
  Bounds range     [1e+00, 1e+00]
  RHS range        [1e+00, 1e+00]
Presolve removed 4 rows and 0 columns
Presolve time: 0.02s
Presolved: 153 rows, 3480 columns, 10324 nonzeros
Variable types: 0 continuous, 3480 integer (3480 binary)
Found heuristic solution: objective 16838.916442

Root relaxation: objective 4.134647e+03, 148 iterations, 0.01 seconds

    Nodes    |    Current Node    |     Objective Bounds      |     Work
 Expl Unexpl |  Obj  Depth IntInf | Incumbent    BestBd   Gap | It/Node Time

     0     0 4134.64664    0    6 16838.9164 4134.64664  75.4%     -    0s
H    0     0                    4638.2230105 4134.64664  10.9%     -    0s
H    0     0                    4506.9350456 4134.64664  8.26%     -    0s
H    0     0                    4134.6466442 4134.64664  0.00%     -    0s
     0     0 4134.64664    0    6 4134.64664 4134.64664  0.00%     -    0s

Explored 1 nodes (148 simplex iterations) in 0.06 seconds
Thread count was 4 (of 4 available processors)

Solution count 4: 4134.65 4506.94 4638.22 16838.9 

Optimal solution found (tolerance 1.00e-04)
Best objective 4.134646644227e+03, best bound 4.134646644227e+03, gap 0.0000%

Gurobi 9.1.2 (win64, Java) logging started Thu Oct 28 12:33:26 2021


--------------------------------------------
Warning: your license will expire in 10 days
--------------------------------------------

Academic license - for non-commercial use only - expires 2021-11-07

Gurobi 9.1.2 (win64, Java) logging started Thu Oct 28 12:34:11 2021


--------------------------------------------
Warning: your license will expire in 10 days
--------------------------------------------

Academic license - for non-commercial use only - expires 2021-11-07
Gurobi Optimizer version 9.1.2 build v9.1.2rc0 (win64)
Thread count: 2 physical cores, 4 logical processors, using up to 4 threads
Optimize a model with 161 rows, 3480 columns and 13920 nonzeros
Model fingerprint: 0x38fb1397
Variable types: 0 continuous, 3480 integer (3480 binary)
Coefficient statistics:
  Matrix range     [1e+00, 2e+01]
  Objective range  [2e+00, 1e+03]
  Bounds range     [1e+00, 1e+00]
  RHS range        [1e+00, 1e+02]
Presolve removed 4 rows and 0 columns
Presolve time: 0.02s
Presolved: 157 rows, 3480 columns, 13680 nonzeros
Variable types: 0 continuous, 3480 integer (3480 binary)

Root relaxation: infeasible, 112 iterations, 0.00 seconds

    Nodes    |    Current Node    |     Objective Bounds      |     Work
 Expl Unexpl |  Obj  Depth IntInf | Incumbent    BestBd   Gap | It/Node Time

     0     0 infeasible    0               - infeasible      -     -    0s

Explored 0 nodes (112 simplex iterations) in 0.06 seconds
Thread count was 4 (of 4 available processors)

Solution count 0

Model is infeasible
Best objective -, best bound -, gap -

Gurobi 9.1.2 (win64, Java) logging started Thu Oct 28 12:34:49 2021


--------------------------------------------
Warning: your license will expire in 10 days
--------------------------------------------

Academic license - for non-commercial use only - expires 2021-11-07
Gurobi Optimizer version 9.1.2 build v9.1.2rc0 (win64)
Thread count: 2 physical cores, 4 logical processors, using up to 4 threads
Optimize a model with 132 rows, 3480 columns and 10556 nonzeros
Model fingerprint: 0x8e455eec
Variable types: 0 continuous, 3480 integer (3480 binary)
Coefficient statistics:
  Matrix range     [1e+00, 2e+01]
  Objective range  [2e+00, 1e+03]
  Bounds range     [1e+00, 1e+00]
  RHS range        [1e+00, 1e+02]
Found heuristic solution: objective 46725.708354
Presolve removed 100 rows and 2610 columns
Presolve time: 0.11s
Presolved: 32 rows, 870 columns, 2579 nonzeros
Found heuristic solution: objective 10558.501198
Variable types: 0 continuous, 870 integer (870 binary)

Root relaxation: objective 1.452257e+03, 10 iterations, 0.00 seconds

    Nodes    |    Current Node    |     Objective Bounds      |     Work
 Expl Unexpl |  Obj  Depth IntInf | Incumbent    BestBd   Gap | It/Node Time

     0     0 1452.25669    0    2 10558.5012 1452.25669  86.2%     -    0s
H    0     0                    1566.3771193 1452.25669  7.29%     -    0s
H    0     0                    1524.9336564 1452.25669  4.77%     -    0s
H    0     0                    1472.8158859 1452.25669  1.40%     -    0s
     0     0 infeasible    0      1472.81589 1472.81589  0.00%     -    0s

Explored 1 nodes (11 simplex iterations) in 0.12 seconds
Thread count was 4 (of 4 available processors)

Solution count 5: 1472.82 1524.93 1566.38 ... 46725.7

Optimal solution found (tolerance 1.00e-04)
Best objective 1.472815885861e+03, best bound 1.472815885861e+03, gap 0.0000%

Gurobi 9.1.2 (win64, Java) logging started Thu Oct 28 12:38:10 2021


--------------------------------------------
Warning: your license will expire in 10 days
--------------------------------------------

Academic license - for non-commercial use only - expires 2021-11-07
Gurobi Optimizer version 9.1.2 build v9.1.2rc0 (win64)
Thread count: 2 physical cores, 4 logical processors, using up to 4 threads
Optimize a model with 161 rows, 3480 columns and 13920 nonzeros
Model fingerprint: 0x38fb1397
Variable types: 0 continuous, 3480 integer (3480 binary)
Coefficient statistics:
  Matrix range     [1e+00, 2e+01]
  Objective range  [2e+00, 1e+03]
  Bounds range     [1e+00, 1e+00]
  RHS range        [1e+00, 1e+02]
Presolve removed 4 rows and 0 columns
Presolve time: 0.02s
Presolved: 157 rows, 3480 columns, 13680 nonzeros
Variable types: 0 continuous, 3480 integer (3480 binary)

Root relaxation: infeasible, 112 iterations, 0.00 seconds

    Nodes    |    Current Node    |     Objective Bounds      |     Work
 Expl Unexpl |  Obj  Depth IntInf | Incumbent    BestBd   Gap | It/Node Time

     0     0 infeasible    0               - infeasible      -     -    0s

Explored 0 nodes (112 simplex iterations) in 0.04 seconds
Thread count was 4 (of 4 available processors)

Solution count 0

Model is infeasible
Best objective -, best bound -, gap -

Gurobi 9.1.2 (win64, Java) logging started Thu Oct 28 12:38:16 2021


--------------------------------------------
Warning: your license will expire in 10 days
--------------------------------------------

Academic license - for non-commercial use only - expires 2021-11-07
Gurobi Optimizer version 9.1.2 build v9.1.2rc0 (win64)
Thread count: 2 physical cores, 4 logical processors, using up to 4 threads
Optimize a model with 161 rows, 3480 columns and 13920 nonzeros
Model fingerprint: 0xea43ba0b
Variable types: 0 continuous, 3480 integer (3480 binary)
Coefficient statistics:
  Matrix range     [1e+00, 2e+01]
  Objective range  [2e+00, 1e+03]
  Bounds range     [1e+00, 1e+00]
  RHS range        [1e+00, 1e+02]
Found heuristic solution: objective 15984.301315
Presolve removed 4 rows and 0 columns
Presolve time: 0.03s
Presolved: 157 rows, 3480 columns, 13680 nonzeros
Variable types: 0 continuous, 3480 integer (3480 binary)

Root relaxation: objective 4.134647e+03, 195 iterations, 0.01 seconds

    Nodes    |    Current Node    |     Objective Bounds      |     Work
 Expl Unexpl |  Obj  Depth IntInf | Incumbent    BestBd   Gap | It/Node Time

     0     0 4134.64664    0    4 15984.3013 4134.64664  74.1%     -    0s
H    0     0                    4134.6466442 4134.64664  0.00%     -    0s
     0     0 4134.64664    0    4 4134.64664 4134.64664  0.00%     -    0s

Explored 1 nodes (195 simplex iterations) in 0.05 seconds
Thread count was 4 (of 4 available processors)

Solution count 2: 4134.65 15984.3 

Optimal solution found (tolerance 1.00e-04)
Best objective 4.134646644227e+03, best bound 4.134646644227e+03, gap 0.0000%

Gurobi 9.1.2 (win64, Java) logging started Thu Oct 28 20:15:37 2021


--------------------------------------------
Warning: your license will expire in 10 days
--------------------------------------------

Academic license - for non-commercial use only - expires 2021-11-07
Gurobi Optimizer version 9.1.2 build v9.1.2rc0 (win64)
Thread count: 2 physical cores, 4 logical processors, using up to 4 threads
Optimize a model with 437 rows, 21240 columns and 84960 nonzeros
Model fingerprint: 0xb1538b1c
Variable types: 0 continuous, 21240 integer (21240 binary)
Coefficient statistics:
  Matrix range     [1e+00, 2e+01]
  Objective range  [1e+01, 1e+03]
  Bounds range     [1e+00, 1e+00]
  RHS range        [1e+00, 1e+02]
Presolve removed 6 rows and 0 columns
Presolve time: 0.26s
Presolved: 431 rows, 21240 columns, 84234 nonzeros
Variable types: 0 continuous, 21240 integer (21240 binary)

Root relaxation: objective 6.212006e+03, 533 iterations, 0.05 seconds

    Nodes    |    Current Node    |     Objective Bounds      |     Work
 Expl Unexpl |  Obj  Depth IntInf | Incumbent    BestBd   Gap | It/Node Time

     0     0 6212.00639    0    6          - 6212.00639      -     -    0s
H    0     0                    7093.5844929 6212.00639  12.4%     -    0s
H    0     0                    6301.4534158 6212.00639  1.42%     -    0s
     0     0 6212.00639    0    6 6301.45342 6212.00639  1.42%     -    0s
H    0     0                    6212.0063899 6212.00639  0.00%     -    0s
     0     0 6212.00639    0   28 6212.00639 6212.00639  0.00%     -    0s

Explored 1 nodes (1306 simplex iterations) in 0.89 seconds
Thread count was 4 (of 4 available processors)

Solution count 4: 6212.01 6301.45 6301.45 7093.58 

Optimal solution found (tolerance 1.00e-04)
Best objective 6.212006389919e+03, best bound 6.212006389919e+03, gap 0.0000%

Gurobi 9.1.2 (win64, Java) logging started Thu Oct 28 20:16:15 2021


--------------------------------------------
Warning: your license will expire in 10 days
--------------------------------------------

Academic license - for non-commercial use only - expires 2021-11-07
Gurobi Optimizer version 9.1.2 build v9.1.2rc0 (win64)
Thread count: 2 physical cores, 4 logical processors, using up to 4 threads
Optimize a model with 361 rows, 19320 columns and 77280 nonzeros
Model fingerprint: 0xe8c43a32
Variable types: 0 continuous, 19320 integer (19320 binary)
Coefficient statistics:
  Matrix range     [1e+00, 8e+00]
  Objective range  [8e+00, 1e+03]
  Bounds range     [1e+00, 1e+00]
  RHS range        [1e+00, 1e+02]
Presolve removed 4 rows and 0 columns
Presolve time: 0.11s
Presolved: 357 rows, 19320 columns, 76712 nonzeros
Variable types: 0 continuous, 19320 integer (19320 binary)

Root relaxation: objective 5.360303e+03, 348 iterations, 0.02 seconds

    Nodes    |    Current Node    |     Objective Bounds      |     Work
 Expl Unexpl |  Obj  Depth IntInf | Incumbent    BestBd   Gap | It/Node Time

     0     0 5360.30315    0   12          - 5360.30315      -     -    0s
H    0     0                    5876.9770602 5360.30315  8.79%     -    0s
H    0     0                    5398.9727346 5360.30315  0.72%     -    0s
     0     0 5360.30315    0   16 5398.97273 5360.30315  0.72%     -    0s
*    0     0               0    5360.3031546 5360.30315  0.00%     -    0s

Cutting planes:
  Zero half: 1

Explored 1 nodes (534 simplex iterations) in 0.43 seconds
Thread count was 4 (of 4 available processors)

Solution count 3: 5360.3 5398.97 5876.98 

Optimal solution found (tolerance 1.00e-04)
Best objective 5.360303154645e+03, best bound 5.360303154645e+03, gap 0.0000%

Gurobi 9.1.2 (win64, Java) logging started Thu Oct 28 21:56:13 2021


--------------------------------------------
Warning: your license will expire in 10 days
--------------------------------------------

Academic license - for non-commercial use only - expires 2021-11-07
Gurobi Optimizer version 9.1.2 build v9.1.2rc0 (win64)
Thread count: 2 physical cores, 4 logical processors, using up to 4 threads
Optimize a model with 161 rows, 3509 columns and 13920 nonzeros
Model fingerprint: 0x71ccda7e
Variable types: 0 continuous, 3509 integer (3480 binary)
Coefficient statistics:
  Matrix range     [1e+00, 2e+01]
  Objective range  [2e+00, 1e+03]
  Bounds range     [1e+00, 1e+02]
  RHS range        [1e+00, 1e+02]
Found heuristic solution: objective 15984.301315
Presolve removed 4 rows and 29 columns
Presolve time: 0.02s
Presolved: 157 rows, 3480 columns, 13680 nonzeros
Variable types: 0 continuous, 3480 integer (3480 binary)

Root relaxation: objective 4.134647e+03, 195 iterations, 0.01 seconds

    Nodes    |    Current Node    |     Objective Bounds      |     Work
 Expl Unexpl |  Obj  Depth IntInf | Incumbent    BestBd   Gap | It/Node Time

     0     0 4134.64664    0    4 15984.3013 4134.64664  74.1%     -    0s
H    0     0                    4134.6466442 4134.64664  0.00%     -    0s
     0     0 4134.64664    0    4 4134.64664 4134.64664  0.00%     -    0s

Explored 1 nodes (195 simplex iterations) in 0.04 seconds
Thread count was 4 (of 4 available processors)

Solution count 2: 4134.65 15984.3 

Optimal solution found (tolerance 1.00e-04)
Best objective 4.134646644227e+03, best bound 4.134646644227e+03, gap 0.0000%

Gurobi 9.1.2 (win64, Java) logging started Thu Oct 28 21:57:19 2021


--------------------------------------------
Warning: your license will expire in 10 days
--------------------------------------------

Academic license - for non-commercial use only - expires 2021-11-07
Gurobi Optimizer version 9.1.2 build v9.1.2rc0 (win64)
Thread count: 2 physical cores, 4 logical processors, using up to 4 threads
Optimize a model with 161 rows, 3509 columns and 13920 nonzeros
Model fingerprint: 0x5378453a
Variable types: 0 continuous, 3509 integer (3480 binary)
Coefficient statistics:
  Matrix range     [1e+00, 2e+01]
  Objective range  [2e+00, 1e+03]
  Bounds range     [1e+00, 1e+02]
  RHS range        [1e+00, 1e+02]
Found heuristic solution: objective 20582.301315
Presolve removed 4 rows and 29 columns
Presolve time: 0.02s
Presolved: 157 rows, 3480 columns, 13680 nonzeros
Variable types: 0 continuous, 3480 integer (3480 binary)

Root relaxation: objective 8.732647e+03, 195 iterations, 0.00 seconds

    Nodes    |    Current Node    |     Objective Bounds      |     Work
 Expl Unexpl |  Obj  Depth IntInf | Incumbent    BestBd   Gap | It/Node Time

     0     0 8732.64664    0    4 20582.3013 8732.64664  57.6%     -    0s
H    0     0                    8732.6466442 8732.64664  0.00%     -    0s
     0     0 8732.64664    0    4 8732.64664 8732.64664  0.00%     -    0s

Explored 1 nodes (195 simplex iterations) in 0.03 seconds
Thread count was 4 (of 4 available processors)

Solution count 2: 8732.65 20582.3 

Optimal solution found (tolerance 1.00e-04)
Best objective 8.732646644227e+03, best bound 8.732646644227e+03, gap 0.0000%

Gurobi 9.1.2 (win64, Java) logging started Thu Oct 28 21:59:00 2021


--------------------------------------------
Warning: your license will expire in 10 days
--------------------------------------------

Academic license - for non-commercial use only - expires 2021-11-07
Gurobi Optimizer version 9.1.2 build v9.1.2rc0 (win64)
Thread count: 2 physical cores, 4 logical processors, using up to 4 threads
Optimize a model with 161 rows, 3509 columns and 13920 nonzeros
Model fingerprint: 0x71ccda7e
Variable types: 0 continuous, 3509 integer (3480 binary)
Coefficient statistics:
  Matrix range     [1e+00, 2e+01]
  Objective range  [2e+00, 1e+03]
  Bounds range     [1e+00, 1e+02]
  RHS range        [1e+00, 1e+02]
Found heuristic solution: objective 15984.301315
Presolve removed 4 rows and 29 columns
Presolve time: 0.02s
Presolved: 157 rows, 3480 columns, 13680 nonzeros
Variable types: 0 continuous, 3480 integer (3480 binary)

Root relaxation: objective 4.134647e+03, 195 iterations, 0.00 seconds

    Nodes    |    Current Node    |     Objective Bounds      |     Work
 Expl Unexpl |  Obj  Depth IntInf | Incumbent    BestBd   Gap | It/Node Time

     0     0 4134.64664    0    4 15984.3013 4134.64664  74.1%     -    0s
H    0     0                    4134.6466442 4134.64664  0.00%     -    0s
     0     0 4134.64664    0    4 4134.64664 4134.64664  0.00%     -    0s

Explored 1 nodes (195 simplex iterations) in 0.04 seconds
Thread count was 4 (of 4 available processors)

Solution count 2: 4134.65 15984.3 

Optimal solution found (tolerance 1.00e-04)
Best objective 4.134646644227e+03, best bound 4.134646644227e+03, gap 0.0000%

Gurobi 9.1.2 (win64, Java) logging started Thu Oct 28 22:02:18 2021


--------------------------------------------
Warning: your license will expire in 10 days
--------------------------------------------

Academic license - for non-commercial use only - expires 2021-11-07
Gurobi Optimizer version 9.1.2 build v9.1.2rc0 (win64)
Thread count: 2 physical cores, 4 logical processors, using up to 4 threads
Optimize a model with 161 rows, 3509 columns and 13920 nonzeros
Model fingerprint: 0xb60a11de
Variable types: 0 continuous, 3509 integer (3480 binary)
Coefficient statistics:
  Matrix range     [1e+00, 2e+01]
  Objective range  [1e+00, 1e+03]
  Bounds range     [1e+00, 1e+02]
  RHS range        [1e+00, 1e+02]
Found heuristic solution: objective 16306.301315
Presolve removed 4 rows and 29 columns
Presolve time: 0.02s
Presolved: 157 rows, 3480 columns, 13680 nonzeros
Variable types: 0 continuous, 3480 integer (3480 binary)

Root relaxation: objective 4.456647e+03, 195 iterations, 0.00 seconds

    Nodes    |    Current Node    |     Objective Bounds      |     Work
 Expl Unexpl |  Obj  Depth IntInf | Incumbent    BestBd   Gap | It/Node Time

     0     0 4456.64664    0    4 16306.3013 4456.64664  72.7%     -    0s
H    0     0                    4456.6466442 4456.64664  0.00%     -    0s
     0     0 4456.64664    0    4 4456.64664 4456.64664  0.00%     -    0s

Explored 1 nodes (195 simplex iterations) in 0.04 seconds
Thread count was 4 (of 4 available processors)

Solution count 2: 4456.65 16306.3 

Optimal solution found (tolerance 1.00e-04)
Best objective 4.456646644227e+03, best bound 4.456646644227e+03, gap 0.0000%

Gurobi 9.1.2 (win64, Java) logging started Thu Oct 28 22:02:50 2021


--------------------------------------------
Warning: your license will expire in 10 days
--------------------------------------------

Academic license - for non-commercial use only - expires 2021-11-07
Gurobi Optimizer version 9.1.2 build v9.1.2rc0 (win64)
Thread count: 2 physical cores, 4 logical processors, using up to 4 threads
Optimize a model with 161 rows, 3509 columns and 13920 nonzeros
Model fingerprint: 0x5378453a
Variable types: 0 continuous, 3509 integer (3480 binary)
Coefficient statistics:
  Matrix range     [1e+00, 2e+01]
  Objective range  [2e+00, 1e+03]
  Bounds range     [1e+00, 1e+02]
  RHS range        [1e+00, 1e+02]
Found heuristic solution: objective 20582.301315
Presolve removed 4 rows and 29 columns
Presolve time: 0.04s
Presolved: 157 rows, 3480 columns, 13680 nonzeros
Variable types: 0 continuous, 3480 integer (3480 binary)

Root relaxation: objective 8.732647e+03, 195 iterations, 0.01 seconds

    Nodes    |    Current Node    |     Objective Bounds      |     Work
 Expl Unexpl |  Obj  Depth IntInf | Incumbent    BestBd   Gap | It/Node Time

     0     0 8732.64664    0    4 20582.3013 8732.64664  57.6%     -    0s
H    0     0                    8732.6466442 8732.64664  0.00%     -    0s
     0     0 8732.64664    0    4 8732.64664 8732.64664  0.00%     -    0s

Explored 1 nodes (195 simplex iterations) in 0.06 seconds
Thread count was 4 (of 4 available processors)

Solution count 2: 8732.65 20582.3 

Optimal solution found (tolerance 1.00e-04)
Best objective 8.732646644227e+03, best bound 8.732646644227e+03, gap 0.0000%

Gurobi 9.1.2 (win64, Java) logging started Thu Oct 28 22:06:34 2021


--------------------------------------------
Warning: your license will expire in 10 days
--------------------------------------------

Academic license - for non-commercial use only - expires 2021-11-07
Warning: variable name "x= veículo: 0, origem: 0, destino: 1" has a space
Warning: constraint name "RES 1, NÓ 0" has a space
Warning: to let Gurobi read it back, use rlp format
Gurobi Optimizer version 9.1.2 build v9.1.2rc0 (win64)
Thread count: 2 physical cores, 4 logical processors, using up to 4 threads
Optimize a model with 161 rows, 3509 columns and 13920 nonzeros
Model fingerprint: 0xb60a11de
Variable types: 0 continuous, 3509 integer (3480 binary)
Coefficient statistics:
  Matrix range     [1e+00, 2e+01]
  Objective range  [1e+00, 1e+03]
  Bounds range     [1e+00, 1e+02]
  RHS range        [1e+00, 1e+02]
Found heuristic solution: objective 16306.301315
Presolve removed 4 rows and 29 columns
Presolve time: 0.03s
Presolved: 157 rows, 3480 columns, 13680 nonzeros
Variable types: 0 continuous, 3480 integer (3480 binary)

Root relaxation: objective 4.456647e+03, 195 iterations, 0.00 seconds

    Nodes    |    Current Node    |     Objective Bounds      |     Work
 Expl Unexpl |  Obj  Depth IntInf | Incumbent    BestBd   Gap | It/Node Time

     0     0 4456.64664    0    4 16306.3013 4456.64664  72.7%     -    0s
H    0     0                    4456.6466442 4456.64664  0.00%     -    0s
     0     0 4456.64664    0    4 4456.64664 4456.64664  0.00%     -    0s

Explored 1 nodes (195 simplex iterations) in 0.04 seconds
Thread count was 4 (of 4 available processors)

Solution count 2: 4456.65 16306.3 

Optimal solution found (tolerance 1.00e-04)
Best objective 4.456646644227e+03, best bound 4.456646644227e+03, gap 0.0000%

Gurobi 9.1.2 (win64, Java) logging started Thu Oct 28 22:09:12 2021


--------------------------------------------
Warning: your license will expire in 10 days
--------------------------------------------

Academic license - for non-commercial use only - expires 2021-11-07
Warning: variable name "x= veículo: 0, origem: 0, destino: 1" has a space
Warning: constraint name "RES 1, NÓ 0" has a space
Warning: to let Gurobi read it back, use rlp format
Gurobi Optimizer version 9.1.2 build v9.1.2rc0 (win64)
Thread count: 2 physical cores, 4 logical processors, using up to 4 threads
Optimize a model with 161 rows, 3509 columns and 13920 nonzeros
Model fingerprint: 0xb60a11de
Variable types: 0 continuous, 3509 integer (3480 binary)
Coefficient statistics:
  Matrix range     [1e+00, 2e+01]
  Objective range  [1e+00, 1e+03]
  Bounds range     [1e+00, 1e+02]
  RHS range        [1e+00, 1e+02]
Found heuristic solution: objective 16306.301315
Presolve removed 4 rows and 29 columns
Presolve time: 0.03s
Presolved: 157 rows, 3480 columns, 13680 nonzeros
Variable types: 0 continuous, 3480 integer (3480 binary)

Root relaxation: objective 4.456647e+03, 195 iterations, 0.00 seconds

    Nodes    |    Current Node    |     Objective Bounds      |     Work
 Expl Unexpl |  Obj  Depth IntInf | Incumbent    BestBd   Gap | It/Node Time

     0     0 4456.64664    0    4 16306.3013 4456.64664  72.7%     -    0s
H    0     0                    4456.6466442 4456.64664  0.00%     -    0s
     0     0 4456.64664    0    4 4456.64664 4456.64664  0.00%     -    0s

Explored 1 nodes (195 simplex iterations) in 0.04 seconds
Thread count was 4 (of 4 available processors)

Solution count 2: 4456.65 16306.3 

Optimal solution found (tolerance 1.00e-04)
Best objective 4.456646644227e+03, best bound 4.456646644227e+03, gap 0.0000%

Gurobi 9.1.2 (win64, Java) logging started Thu Oct 28 22:10:27 2021


--------------------------------------------
Warning: your license will expire in 10 days
--------------------------------------------

Academic license - for non-commercial use only - expires 2021-11-07
Warning: variable name "x= veículo: 0, origem: 0, destino: 1" has a space
Warning: constraint name "RES 1, NÓ 0" has a space
Warning: to let Gurobi read it back, use rlp format
Gurobi Optimizer version 9.1.2 build v9.1.2rc0 (win64)
Thread count: 2 physical cores, 4 logical processors, using up to 4 threads
Optimize a model with 161 rows, 3509 columns and 13920 nonzeros
Model fingerprint: 0xb60a11de
Variable types: 0 continuous, 3509 integer (3480 binary)
Coefficient statistics:
  Matrix range     [1e+00, 2e+01]
  Objective range  [1e+00, 1e+03]
  Bounds range     [1e+00, 1e+02]
  RHS range        [1e+00, 1e+02]
Found heuristic solution: objective 16306.301315
Presolve removed 4 rows and 29 columns
Presolve time: 0.03s
Presolved: 157 rows, 3480 columns, 13680 nonzeros
Variable types: 0 continuous, 3480 integer (3480 binary)

Root relaxation: objective 4.456647e+03, 195 iterations, 0.00 seconds

    Nodes    |    Current Node    |     Objective Bounds      |     Work
 Expl Unexpl |  Obj  Depth IntInf | Incumbent    BestBd   Gap | It/Node Time

     0     0 4456.64664    0    4 16306.3013 4456.64664  72.7%     -    0s
H    0     0                    4456.6466442 4456.64664  0.00%     -    0s
     0     0 4456.64664    0    4 4456.64664 4456.64664  0.00%     -    0s

Explored 1 nodes (195 simplex iterations) in 0.04 seconds
Thread count was 4 (of 4 available processors)

Solution count 2: 4456.65 16306.3 

Optimal solution found (tolerance 1.00e-04)
Best objective 4.456646644227e+03, best bound 4.456646644227e+03, gap 0.0000%

Gurobi 9.1.2 (win64, Java) logging started Thu Oct 28 22:10:59 2021


--------------------------------------------
Warning: your license will expire in 10 days
--------------------------------------------

Academic license - for non-commercial use only - expires 2021-11-07
Warning: variable name "x= veículo: 0, origem: 0, destino: 1" has a space
Warning: constraint name "RES 1, NÓ 0" has a space
Warning: to let Gurobi read it back, use rlp format
Gurobi Optimizer version 9.1.2 build v9.1.2rc0 (win64)
Thread count: 2 physical cores, 4 logical processors, using up to 4 threads
Optimize a model with 161 rows, 3509 columns and 13920 nonzeros
Model fingerprint: 0x71ccda7e
Variable types: 0 continuous, 3509 integer (3480 binary)
Coefficient statistics:
  Matrix range     [1e+00, 2e+01]
  Objective range  [2e+00, 1e+03]
  Bounds range     [1e+00, 1e+02]
  RHS range        [1e+00, 1e+02]
Found heuristic solution: objective 15984.301315
Presolve removed 4 rows and 29 columns
Presolve time: 0.03s
Presolved: 157 rows, 3480 columns, 13680 nonzeros
Variable types: 0 continuous, 3480 integer (3480 binary)

Root relaxation: objective 4.134647e+03, 195 iterations, 0.00 seconds

    Nodes    |    Current Node    |     Objective Bounds      |     Work
 Expl Unexpl |  Obj  Depth IntInf | Incumbent    BestBd   Gap | It/Node Time

     0     0 4134.64664    0    4 15984.3013 4134.64664  74.1%     -    0s
H    0     0                    4134.6466442 4134.64664  0.00%     -    0s
     0     0 4134.64664    0    4 4134.64664 4134.64664  0.00%     -    0s

Explored 1 nodes (195 simplex iterations) in 0.04 seconds
Thread count was 4 (of 4 available processors)

Solution count 2: 4134.65 15984.3 

Optimal solution found (tolerance 1.00e-04)
Best objective 4.134646644227e+03, best bound 4.134646644227e+03, gap 0.0000%

Gurobi 9.1.2 (win64, Java) logging started Thu Oct 28 22:11:09 2021


--------------------------------------------
Warning: your license will expire in 10 days
--------------------------------------------

Academic license - for non-commercial use only - expires 2021-11-07
Warning: variable name "x= veículo: 0, origem: 0, destino: 1" has a space
Warning: constraint name "RES 1, NÓ 0" has a space
Warning: to let Gurobi read it back, use rlp format
Gurobi Optimizer version 9.1.2 build v9.1.2rc0 (win64)
Thread count: 2 physical cores, 4 logical processors, using up to 4 threads
Optimize a model with 161 rows, 3509 columns and 13920 nonzeros
Model fingerprint: 0x5378453a
Variable types: 0 continuous, 3509 integer (3480 binary)
Coefficient statistics:
  Matrix range     [1e+00, 2e+01]
  Objective range  [2e+00, 1e+03]
  Bounds range     [1e+00, 1e+02]
  RHS range        [1e+00, 1e+02]
Found heuristic solution: objective 20582.301315
Presolve removed 4 rows and 29 columns
Presolve time: 0.03s
Presolved: 157 rows, 3480 columns, 13680 nonzeros
Variable types: 0 continuous, 3480 integer (3480 binary)

Root relaxation: objective 8.732647e+03, 195 iterations, 0.00 seconds

    Nodes    |    Current Node    |     Objective Bounds      |     Work
 Expl Unexpl |  Obj  Depth IntInf | Incumbent    BestBd   Gap | It/Node Time

     0     0 8732.64664    0    4 20582.3013 8732.64664  57.6%     -    0s
H    0     0                    8732.6466442 8732.64664  0.00%     -    0s
     0     0 8732.64664    0    4 8732.64664 8732.64664  0.00%     -    0s

Explored 1 nodes (195 simplex iterations) in 0.04 seconds
Thread count was 4 (of 4 available processors)

Solution count 2: 8732.65 20582.3 

Optimal solution found (tolerance 1.00e-04)
Best objective 8.732646644227e+03, best bound 8.732646644227e+03, gap 0.0000%

Gurobi 9.1.2 (win64, Java) logging started Thu Oct 28 22:14:41 2021


--------------------------------------------
Warning: your license will expire in 10 days
--------------------------------------------

Academic license - for non-commercial use only - expires 2021-11-07
Warning: variable name "x= veículo: 0, origem: 0, destino: 1" has a space
Warning: constraint name "RES 1, NÓ 0" has a space
Warning: to let Gurobi read it back, use rlp format
Gurobi Optimizer version 9.1.2 build v9.1.2rc0 (win64)
Thread count: 2 physical cores, 4 logical processors, using up to 4 threads
Optimize a model with 161 rows, 3509 columns and 13920 nonzeros
Model fingerprint: 0x71ccda7e
Variable types: 0 continuous, 3509 integer (3480 binary)
Coefficient statistics:
  Matrix range     [1e+00, 2e+01]
  Objective range  [2e+00, 1e+03]
  Bounds range     [1e+00, 1e+02]
  RHS range        [1e+00, 1e+02]
Found heuristic solution: objective 15984.301315
Presolve removed 4 rows and 29 columns
Presolve time: 0.03s
Presolved: 157 rows, 3480 columns, 13680 nonzeros
Variable types: 0 continuous, 3480 integer (3480 binary)

Root relaxation: objective 4.134647e+03, 195 iterations, 0.01 seconds

    Nodes    |    Current Node    |     Objective Bounds      |     Work
 Expl Unexpl |  Obj  Depth IntInf | Incumbent    BestBd   Gap | It/Node Time

     0     0 4134.64664    0    4 15984.3013 4134.64664  74.1%     -    0s
H    0     0                    4134.6466442 4134.64664  0.00%     -    0s
     0     0 4134.64664    0    4 4134.64664 4134.64664  0.00%     -    0s

Explored 1 nodes (195 simplex iterations) in 0.05 seconds
Thread count was 4 (of 4 available processors)

Solution count 2: 4134.65 15984.3 

Optimal solution found (tolerance 1.00e-04)
Best objective 4.134646644227e+03, best bound 4.134646644227e+03, gap 0.0000%

Gurobi 9.1.2 (win64, Java) logging started Thu Oct 28 22:27:58 2021


--------------------------------------------
Warning: your license will expire in 10 days
--------------------------------------------

Academic license - for non-commercial use only - expires 2021-11-07
Warning: variable name "x= veículo: 0, origem: 0, destino: 1" has a space
Warning: constraint name "RES 1, NÓ 0" has a space
Warning: to let Gurobi read it back, use rlp format
Gurobi Optimizer version 9.1.2 build v9.1.2rc0 (win64)
Thread count: 2 physical cores, 4 logical processors, using up to 4 threads
Optimize a model with 161 rows, 3509 columns and 13920 nonzeros
Model fingerprint: 0x71ccda7e
Variable types: 0 continuous, 3509 integer (3480 binary)
Coefficient statistics:
  Matrix range     [1e+00, 2e+01]
  Objective range  [2e+00, 1e+03]
  Bounds range     [1e+00, 1e+02]
  RHS range        [1e+00, 1e+02]
Found heuristic solution: objective 15984.301315
Presolve removed 4 rows and 29 columns
Presolve time: 0.02s
Presolved: 157 rows, 3480 columns, 13680 nonzeros
Variable types: 0 continuous, 3480 integer (3480 binary)

Root relaxation: objective 4.134647e+03, 195 iterations, 0.00 seconds

    Nodes    |    Current Node    |     Objective Bounds      |     Work
 Expl Unexpl |  Obj  Depth IntInf | Incumbent    BestBd   Gap | It/Node Time

     0     0 4134.64664    0    4 15984.3013 4134.64664  74.1%     -    0s
H    0     0                    4134.6466442 4134.64664  0.00%     -    0s
     0     0 4134.64664    0    4 4134.64664 4134.64664  0.00%     -    0s

Explored 1 nodes (195 simplex iterations) in 0.03 seconds
Thread count was 4 (of 4 available processors)

Solution count 2: 4134.65 15984.3 

Optimal solution found (tolerance 1.00e-04)
Best objective 4.134646644227e+03, best bound 4.134646644227e+03, gap 0.0000%

Gurobi 9.1.2 (win64, Java) logging started Thu Oct 28 22:28:20 2021


--------------------------------------------
Warning: your license will expire in 10 days
--------------------------------------------

Academic license - for non-commercial use only - expires 2021-11-07
Warning: variable name "x= veículo: 0, origem: 0, destino: 1" has a space
Warning: constraint name "RES 1, NÓ 0" has a space
Warning: to let Gurobi read it back, use rlp format
Gurobi Optimizer version 9.1.2 build v9.1.2rc0 (win64)
Thread count: 2 physical cores, 4 logical processors, using up to 4 threads
Optimize a model with 973 rows, 3509 columns and 15544 nonzeros
Model fingerprint: 0x56fbda02
Variable types: 0 continuous, 3509 integer (3480 binary)
Coefficient statistics:
  Matrix range     [1e+00, 2e+01]
  Objective range  [2e+00, 1e+03]
  Bounds range     [1e+00, 1e+02]
  RHS range        [1e+00, 1e+02]
Presolve time: 0.00s

Explored 0 nodes (0 simplex iterations) in 0.01 seconds
Thread count was 1 (of 4 available processors)

Solution count 0

Model is infeasible
Best objective -, best bound -, gap -

Gurobi 9.1.2 (win64, Java) logging started Thu Oct 28 22:30:18 2021


--------------------------------------------
Warning: your license will expire in 10 days
--------------------------------------------

Academic license - for non-commercial use only - expires 2021-11-07
Warning: variable name "x= veículo: 0, origem: 0, destino: 1" has a space
Warning: constraint name "RES 1, NÓ 0" has a space
Warning: to let Gurobi read it back, use rlp format
Gurobi Optimizer version 9.1.2 build v9.1.2rc0 (win64)
Thread count: 2 physical cores, 4 logical processors, using up to 4 threads
Optimize a model with 973 rows, 3509 columns and 18792 nonzeros
Model fingerprint: 0x39953971
Variable types: 0 continuous, 3509 integer (3480 binary)
Coefficient statistics:
  Matrix range     [1e+00, 1e+02]
  Objective range  [2e+00, 1e+03]
  Bounds range     [1e+00, 1e+02]
  RHS range        [1e+00, 1e+02]
Presolve time: 0.01s

Explored 0 nodes (0 simplex iterations) in 0.02 seconds
Thread count was 1 (of 4 available processors)

Solution count 0

Model is infeasible
Best objective -, best bound -, gap -

Gurobi 9.1.2 (win64, Java) logging started Thu Oct 28 22:30:25 2021


--------------------------------------------
Warning: your license will expire in 10 days
--------------------------------------------

Academic license - for non-commercial use only - expires 2021-11-07
Warning: variable name "x= veículo: 0, origem: 0, destino: 1" has a space
Warning: constraint name "RES 1, NÓ 0" has a space
Warning: to let Gurobi read it back, use rlp format
Gurobi Optimizer version 9.1.2 build v9.1.2rc0 (win64)
Thread count: 2 physical cores, 4 logical processors, using up to 4 threads
Optimize a model with 973 rows, 3509 columns and 18792 nonzeros
Model fingerprint: 0xff43a269
Variable types: 0 continuous, 3509 integer (3480 binary)
Coefficient statistics:
  Matrix range     [1e+00, 1e+02]
  Objective range  [1e+00, 1e+03]
  Bounds range     [1e+00, 1e+02]
  RHS range        [1e+00, 1e+02]
Presolve time: 0.01s

Explored 0 nodes (0 simplex iterations) in 0.02 seconds
Thread count was 1 (of 4 available processors)

Solution count 0

Model is infeasible
Best objective -, best bound -, gap -

Gurobi 9.1.2 (win64, Java) logging started Thu Oct 28 22:30:40 2021


--------------------------------------------
Warning: your license will expire in 10 days
--------------------------------------------

Academic license - for non-commercial use only - expires 2021-11-07
Warning: variable name "x= veículo: 0, origem: 0, destino: 1" has a space
Warning: constraint name "RES 1, NÓ 0" has a space
Warning: to let Gurobi read it back, use rlp format
Gurobi Optimizer version 9.1.2 build v9.1.2rc0 (win64)
Thread count: 2 physical cores, 4 logical processors, using up to 4 threads
Optimize a model with 973 rows, 3509 columns and 18792 nonzeros
Model fingerprint: 0x8dec2a9f
Variable types: 0 continuous, 3509 integer (3480 binary)
Coefficient statistics:
  Matrix range     [1e+00, 1e+02]
  Objective range  [2e+00, 1e+03]
  Bounds range     [1e+00, 1e+02]
  RHS range        [1e+00, 1e+02]
Presolve time: 0.01s

Explored 0 nodes (0 simplex iterations) in 0.01 seconds
Thread count was 1 (of 4 available processors)

Solution count 0

Model is infeasible
Best objective -, best bound -, gap -

Gurobi 9.1.2 (win64, Java) logging started Thu Oct 28 22:40:36 2021


--------------------------------------------
Warning: your license will expire in 10 days
--------------------------------------------

Academic license - for non-commercial use only - expires 2021-11-07
Warning: variable name "x= veículo: 0, origem: 0, destino: 1" has a space
Warning: constraint name "RES 1, NÓ 0" has a space
Warning: to let Gurobi read it back, use rlp format
Gurobi Optimizer version 9.1.2 build v9.1.2rc0 (win64)
Thread count: 2 physical cores, 4 logical processors, using up to 4 threads
Optimize a model with 973 rows, 3509 columns and 18792 nonzeros
Model fingerprint: 0x477b44dd
Variable types: 0 continuous, 3509 integer (3480 binary)
Coefficient statistics:
  Matrix range     [1e+00, 1e+02]
  Objective range  [2e+00, 1e+03]
  Bounds range     [1e+00, 1e+02]
  RHS range        [1e+00, 1e+02]
Presolve removed 4 rows and 0 columns
Presolve time: 0.03s
Presolved: 969 rows, 3509 columns, 18552 nonzeros
Variable types: 0 continuous, 3509 integer (3480 binary)

Root relaxation: objective 4.287600e+03, 361 iterations, 0.01 seconds

    Nodes    |    Current Node    |     Objective Bounds      |     Work
 Expl Unexpl |  Obj  Depth IntInf | Incumbent    BestBd   Gap | It/Node Time

     0     0 4287.59981    0   74          - 4287.59981      -     -    0s
     0     0 5292.58161    0   97          - 5292.58161      -     -    0s
     0     0 5327.61163    0   79          - 5327.61163      -     -    0s
     0     0 5327.61163    0   82          - 5327.61163      -     -    0s
     0     0 5327.61163    0   87          - 5327.61163      -     -    0s
     0     0 5354.05333    0   79          - 5354.05333      -     -    0s
     0     0 5354.05333    0   79          - 5354.05333      -     -    0s
     0     0 5354.05333    0   77          - 5354.05333      -     -    0s
     0     0 5354.05333    0   78          - 5354.05333      -     -    0s
     0     0 5354.05333    0   94          - 5354.05333      -     -    0s
     0     0 5354.05333    0   77          - 5354.05333      -     -    0s
     0     2 5366.66517    0   71          - 5366.66517      -     -    1s
*  241   229             104    9515.6422232 5366.66517  43.6%  18.1    1s
H  259   223                    9291.0990970 5366.66517  42.2%  17.5    2s
H  288   239                    8954.1196250 5366.66517  40.1%  18.3    2s
H  352   310                    8782.9550994 5366.66517  38.9%  17.8    3s
H  533   466                    8732.8874937 5366.66517  38.5%  18.5    4s
H  534   466                    8709.3212473 5366.66517  38.4%  18.5    4s
   642   587 8085.31300  177   58 8709.32125 5366.66517  38.4%  18.0    5s
H  734   606                    8552.5511043 5366.66517  37.3%  18.8    5s
   770   631 7052.13804  112   74 8552.55110 5442.70754  36.4%  28.3   10s
   803   658 5460.45843   25  147 8552.55110 5451.91416  36.3%  37.9   15s
H  826   639                    8462.2119602 5455.30388  35.5%  39.2   16s
H  858   630                    8450.8106244 5469.29783  35.3%  40.4   16s
H 1054   734                    8369.6404874 5469.29783  34.7%  42.2   19s
H 1063   714                    8104.5594851 5469.29783  32.5%  42.2   19s
  1096   745 5682.92670   55   88 8104.55949 5469.29783  32.5%  42.5   20s
H 1238   768                    7833.6117645 5469.29783  30.2%  42.8   21s
H 1442   824                    7787.5921721 5469.29783  29.8%  43.1   24s
  1639   874 6306.25139   94   65 7787.59217 5469.29783  29.8%  41.6   25s
H 2136  1046                    7773.0963589 5469.29783  29.6%  41.0   28s
  2620  1564 6692.46812  189   47 7773.09636 5469.29783  29.6%  39.9   30s
  3754  2484 5734.26033   37  129 7773.09636 5475.64938  29.6%  38.6   35s
  4914  3419 6000.25016   99   78 7773.09636 5517.62063  29.0%  39.2   43s
H 4924  3273                    7593.1281853 5517.62063  27.3%  39.1   43s
  5239  3684 7410.51880  172   65 7593.12819 5518.65435  27.3%  38.4   45s
  6660  4916 5796.50559   40   92 7593.12819 5528.71067  27.2%  36.9   50s
H 7814  5864                    7569.4147673 5530.82011  26.9%  35.4   56s
H 8011  5623                    7328.1966580 5535.99123  24.5%  35.3   57s
H 8200  5511                    7282.7592773 5536.24899  24.0%  35.2   57s
  8561  6073     cutoff  129      7282.75928 5540.53537  23.9%  35.5   60s
 10221  7498 6290.52075  117   70 7282.75928 5549.99779  23.8%  36.1   66s
 11589  8506 5834.17876   38  143 7282.75928 5555.86570  23.7%  36.5   70s
 13309  9853 6016.68842   46   92 7282.75928 5567.56696  23.6%  37.2   75s
 15103 11595 6653.45908  170   84 7282.75928 5574.95769  23.4%  36.7   81s
 16442 12788 5635.50176   36  102 7282.75928 5581.67990  23.4%  36.4   85s
 19075 14819 6707.99253  136   72 7282.75928 5590.05396  23.2%  35.9   90s
 20682 15861 6203.83007   90   77 7282.75928 5596.57618  23.2%  35.4  107s
 20695 15870 5794.69051   40   80 7282.75928 5596.57618  23.2%  35.4  110s
H20695 15076                    7262.9676850 5596.57618  22.9%  35.4  110s
 20705 15082 6085.21002   69  169 7262.96768 5596.57618  22.9%  35.4  115s
 20719 15092 6499.45355   90  177 7262.96768 5596.57618  22.9%  35.4  120s
 20729 15098 6031.18155  143  211 7262.96768 5596.57618  22.9%  35.4  125s
H20732 14344                    7262.6329699 5596.57618  22.9%  35.3  127s
 20736 14352 5596.57618   35  174 7262.63297 5596.57618  22.9%  36.2  130s
 20774 14381 5596.57618   40  179 7262.63297 5596.57618  22.9%  36.5  135s
 21095 14613 6001.73077   68  116 7262.63297 5596.57618  22.9%  37.4  140s
H21277 14002                    7207.9090579 5596.57618  22.4%  37.8  142s
 21577 14170 6286.55096  115   68 7207.90906 5596.57618  22.4%  38.3  145s
 22665 14740 6926.15791  256   63 7207.90906 5596.57618  22.4%  38.5  150s
H22868 14019                    6999.8019560 5596.57618  20.0%  38.6  151s
 23590 14191 6042.97604  109  131 6999.80196 5596.57618  20.0%  38.5  155s
H23601 13477                    6947.3553969 5596.57618  19.4%  38.5  155s
H24073 13190                    6915.6064222 5596.57618  19.1%  38.4  157s
H24217 12681                    6902.8243178 5596.57618  18.9%  38.3  158s
H24270 12073                    6878.3643955 5596.57618  18.6%  38.4  158s
 24863 12486 5930.00786   89  124 6878.36440 5596.57618  18.6%  38.4  160s
 25693 12979 5725.19372   49  134 6878.36440 5596.57618  18.6%  38.5  165s
 26520 13321 5596.57618   48  140 6878.36440 5596.57618  18.6%  38.3  170s
 27372 13970 6239.84839  124   85 6878.36440 5596.57618  18.6%  39.1  175s
 28317 14467 6403.42552   79   84 6878.36440 5596.57618  18.6%  39.6  180s
 29516 15165 5972.71624  100   91 6878.36440 5596.57618  18.6%  39.7  185s
 31221 16208 6364.26037  377   89 6878.36440 5596.57618  18.6%  39.4  193s
 32143 16615 6510.10365   91   99 6878.36440 5596.57618  18.6%  39.3  196s
 33104 17155 6288.33238  111  114 6878.36440 5596.57618  18.6%  39.3  200s
 34934 18078 6540.62600  214  120 6878.36440 5596.57618  18.6%  39.4  206s
 35287 18396 5963.71661  107  105 6878.36440 5596.57618  18.6%  39.6  212s
 36275 18886 6200.39199   62   88 6878.36440 5596.57618  18.6%  39.4  215s
 37492 19538 6244.98385   88  139 6878.36440 5596.57618  18.6%  39.7  220s
 39138 20221 6350.47101  101  126 6878.36440 5596.57618  18.6%  39.7  226s
 40441 20905 5598.88596   45  143 6878.36440 5596.57618  18.6%  39.7  230s
 41634 21573 5951.38046   75   82 6878.36440 5596.85596  18.6%  40.1  235s
 42990 22279 5841.51298   73  146 6878.36440 5600.70814  18.6%  40.6  240s
 44685 22972 5857.47265   62  111 6878.36440 5603.18064  18.5%  41.0  246s
 45759 23617 5717.19685   42  105 6878.36440 5604.65107  18.5%  41.6  250s
 47712 24691 6470.96054  182  101 6878.36440 5609.61019  18.4%  41.7  255s
 48882 25286 6236.52221   74  101 6878.36440 5611.11448  18.4%  41.5  260s
 50339 25628 6548.91423  106  110 6878.36440 5614.15722  18.4%  42.1  265s
 51293 26235 5865.04481   50  118 6878.36440 5615.10268  18.4%  42.3  270s
 53063 27243 5826.47237   57  113 6878.36440 5620.56233  18.3%  42.8  276s
 54649 28513 5999.70994   89  112 6878.36440 5624.24882  18.2%  42.8  280s
 56131 29656 6100.31744   89   72 6878.36440 5626.94036  18.2%  43.0  285s
 57607 30900 6100.94342   65  111 6878.36440 5630.06910  18.1%  42.8  290s
 58925 32078 6547.70933   83   79 6878.36440 5632.65430  18.1%  43.0  295s
 60491 33329 6199.66931  144  120 6878.36440 5634.55102  18.1%  42.9  300s
 61858 34486 6435.67862   58  103 6878.36440 5637.18382  18.0%  42.9  305s
 63169 35588 5833.59645   66   78 6878.36440 5639.28752  18.0%  42.9  311s
 64463 36763     cutoff  113      6878.36440 5640.31754  18.0%  43.3  316s
 66391 38192 6302.12029  105   79 6878.36440 5643.06535  18.0%  43.0  320s
 68154 39639 5817.86729   75  119 6878.36440 5645.58751  17.9%  43.1  325s
 69553 40795 infeasible  177      6878.36440 5647.19667  17.9%  43.5  330s
 71105 42014 6411.43054  171  117 6878.36440 5649.96253  17.9%  43.5  335s
 72643 43558 6405.47376  212  108 6878.36440 5651.20165  17.8%  43.4  341s
 74068 44515 6627.91743   74   77 6878.36440 5652.12208  17.8%  43.6  346s
 75196 45827 6112.00338  316  108 6878.36440 5652.37878  17.8%  43.8  351s
 76607 46649 6012.82739   84  130 6878.36440 5653.12424  17.8%  43.9  355s
 78262 47886 6049.86426  189  115 6878.36440 5654.00958  17.8%  44.2  360s
 80235 49610 5771.86248   47  145 6878.36440 5655.12379  17.8%  44.0  366s
 81541 50597 5929.55184   62  131 6878.36440 5656.43920  17.8%  43.9  370s
 83147 52049 6062.53756   88  127 6878.36440 5658.68500  17.7%  44.1  376s
 84901 53231 5708.07840   58  109 6878.36440 5661.00025  17.7%  44.0  380s
 86398 54507 5882.47561   49  116 6878.36440 5663.34939  17.7%  44.1  385s
 88095 55971 6102.02037   50  121 6878.36440 5665.61023  17.6%  44.1  390s
 89792 57345 5872.46761   57   88 6878.36440 5667.38429  17.6%  44.1  395s
 91138 58413 6475.53885   62   52 6878.36440 5668.04236  17.6%  44.0  401s
 92509 59393 5957.82431  112  159 6878.36440 5668.91326  17.6%  44.1  406s
 93570 60490 6773.56378  131  115 6878.36440 5669.88186  17.6%  44.1  412s
 94597 61139 6089.60174  181   74 6878.36440 5670.97151  17.6%  44.1  416s
 95624 62145 6268.86477  116   97 6878.36440 5671.14319  17.6%  44.1  421s
 96877 63185 6808.90068   61   52 6878.36440 5672.12846  17.5%  44.0  426s
 97271 63391 6557.86811   89   88 6878.36440 5672.43873  17.5%  44.0  431s
 98316 64423 6235.86816   60   72 6878.36440 5672.55968  17.5%  44.0  435s
 99608 65438 6347.75837   91  103 6878.36440 5672.72161  17.5%  44.0  440s
 100808 66628 6010.18290  145  111 6878.36440 5672.97056  17.5%  43.9  445s
 102317 67525 6173.92465   75  131 6878.36440 5673.33095  17.5%  43.8  452s
 102939 68043 5813.64581   68   91 6878.36440 5673.97398  17.5%  43.8  455s
 104275 69482 6725.41874  409   87 6878.36440 5674.67715  17.5%  43.6  460s
 105433 70267 5962.15336   88  143 6878.36440 5676.06758  17.5%  43.7  465s
 106550 71314 6183.87363   86   91 6878.36440 5676.23503  17.5%  43.7  470s
 107857 72343 5811.57756   56   80 6878.36440 5677.08678  17.5%  43.6  475s
 109532 73545 6251.35374  159  162 6878.36440 5678.29649  17.4%  43.8  481s
 110767 74692 6860.11922  221   52 6878.36440 5679.33053  17.4%  43.7  485s
 112383 76011 5771.59825   57  140 6878.36440 5680.57763  17.4%  43.8  490s
 113769 77049 6375.59017  139   85 6878.36440 5681.37010  17.4%  43.8  495s
 115870 78834 6116.16618   62   84 6878.36440 5682.57630  17.4%  43.6  500s
 117551 80302 6638.82118  249  102 6878.36440 5683.58736  17.4%  43.5  505s
 119283 81748 6317.44808  350   97 6878.36440 5684.56218  17.4%  43.4  510s
 121100 83221 6347.11194  115  104 6878.36440 5685.31158  17.3%  43.4  515s
 122671 84477 6751.67057  111  100 6878.36440 5686.12290  17.3%  43.5  520s
 124305 85923 6687.54773  132   56 6878.36440 5687.28660  17.3%  43.6  525s
 125484 87023 6182.39492  152  113 6878.36440 5687.86175  17.3%  43.6  530s
 126444 87815 5988.08041   93  111 6878.36440 5688.30390  17.3%  43.7  535s
 128297 89281 6333.62268  149   96 6878.36440 5688.94077  17.3%  43.7  540s
 129387 90373 6154.53594  115  141 6878.36440 5689.30248  17.3%  43.7  545s
 131438 91944 6083.20305   79   97 6878.36440 5690.30910  17.3%  43.5  550s
 132806 93203 6007.57585   83   98 6878.36440 5690.98829  17.3%  43.6  555s
 134358 94377 6712.10900   84   96 6878.36440 5692.13490  17.2%  43.6  560s
 135452 95380 6175.11646   99  109 6878.36440 5692.98512  17.2%  43.7  565s
 137048 96718 6242.21767   61   89 6878.36440 5694.04319  17.2%  43.8  571s
 138429 97810 6053.97836  183  131 6878.36440 5694.84914  17.2%  43.7  575s
 139740 98902 5989.13813   87  101 6878.36440 5695.62932  17.2%  43.8  580s
 141549 100298 6124.23163  108   87 6878.36440 5696.36249  17.2%  43.8  586s
 142664 101136 5999.34707   53  114 6878.36440 5696.93661  17.2%  43.8  590s
 144277 102369 6383.97328   54  108 6878.36440 5697.73695  17.2%  43.8  596s

Gurobi 9.1.2 (win64, Java) logging started Thu Oct 28 22:50:40 2021


--------------------------------------------
Warning: your license will expire in 10 days
--------------------------------------------

Academic license - for non-commercial use only - expires 2021-11-07
Warning: variable name "x= veículo: 0, origem: 0, destino: 1" has a space
Warning: constraint name "RES 1, NÓ 0" has a space
Warning: to let Gurobi read it back, use rlp format
Gurobi Optimizer version 9.1.2 build v9.1.2rc0 (win64)
Thread count: 2 physical cores, 4 logical processors, using up to 4 threads
Optimize a model with 973 rows, 3509 columns and 18792 nonzeros
Model fingerprint: 0x477b44dd
Variable types: 0 continuous, 3509 integer (3480 binary)
Coefficient statistics:
  Matrix range     [1e+00, 1e+02]
  Objective range  [2e+00, 1e+03]
  Bounds range     [1e+00, 1e+02]
  RHS range        [1e+00, 1e+02]
Presolve removed 4 rows and 0 columns
Presolve time: 0.03s
Presolved: 969 rows, 3509 columns, 18552 nonzeros
Variable types: 0 continuous, 3509 integer (3480 binary)

Root relaxation: objective 4.287600e+03, 361 iterations, 0.01 seconds

    Nodes    |    Current Node    |     Objective Bounds      |     Work
 Expl Unexpl |  Obj  Depth IntInf | Incumbent    BestBd   Gap | It/Node Time

     0     0 4287.59981    0   74          - 4287.59981      -     -    0s
     0     0 5292.58161    0   97          - 5292.58161      -     -    0s
     0     0 5327.61163    0   79          - 5327.61163      -     -    0s
     0     0 5327.61163    0   82          - 5327.61163      -     -    0s
     0     0 5327.61163    0   87          - 5327.61163      -     -    0s
     0     0 5354.05333    0   79          - 5354.05333      -     -    0s
     0     0 5354.05333    0   79          - 5354.05333      -     -    0s
     0     0 5354.05333    0   77          - 5354.05333      -     -    0s
     0     0 5354.05333    0   78          - 5354.05333      -     -    0s
     0     0 5354.05333    0   94          - 5354.05333      -     -    0s
     0     0 5354.05333    0   77          - 5354.05333      -     -    0s
     0     2 5366.66517    0   71          - 5366.66517      -     -    0s
*  241   229             104    9515.6422232 5366.66517  43.6%  18.1    1s
H  259   223                    9291.0990970 5366.66517  42.2%  17.5    2s
H  288   239                    8954.1196250 5366.66517  40.1%  18.3    3s
H  352   310                    8782.9550994 5366.66517  38.9%  17.8    3s
H  533   466                    8732.8874937 5366.66517  38.5%  18.5    4s
H  534   466                    8709.3212473 5366.66517  38.4%  18.5    4s
   538   491 7141.24835  126   66 8709.32125 5366.66517  38.4%  18.5    5s
H  734   606                    8552.5511043 5366.66517  37.3%  18.8    6s

Gurobi 9.1.2 (win64, Java) logging started Thu Oct 28 22:50:54 2021


--------------------------------------------
Warning: your license will expire in 10 days
--------------------------------------------

Academic license - for non-commercial use only - expires 2021-11-07
Warning: variable name "x= veículo: 0, origem: 0, destino: 1" has a space
Warning: constraint name "RES 1, NÓ 0" has a space
Warning: to let Gurobi read it back, use rlp format
Gurobi Optimizer version 9.1.2 build v9.1.2rc0 (win64)
Thread count: 2 physical cores, 4 logical processors, using up to 4 threads
Optimize a model with 973 rows, 3509 columns and 18792 nonzeros
Model fingerprint: 0x477b44dd
Variable types: 0 continuous, 3509 integer (3480 binary)
Coefficient statistics:
  Matrix range     [1e+00, 1e+02]
  Objective range  [2e+00, 1e+03]
  Bounds range     [1e+00, 1e+02]
  RHS range        [1e+00, 1e+02]
Presolve removed 4 rows and 0 columns
Presolve time: 0.03s
Presolved: 969 rows, 3509 columns, 18552 nonzeros
Variable types: 0 continuous, 3509 integer (3480 binary)

Root relaxation: objective 4.287600e+03, 361 iterations, 0.01 seconds

    Nodes    |    Current Node    |     Objective Bounds      |     Work
 Expl Unexpl |  Obj  Depth IntInf | Incumbent    BestBd   Gap | It/Node Time

     0     0 4287.59981    0   74          - 4287.59981      -     -    0s
     0     0 5292.58161    0   97          - 5292.58161      -     -    0s
     0     0 5327.61163    0   79          - 5327.61163      -     -    0s
     0     0 5327.61163    0   82          - 5327.61163      -     -    0s
     0     0 5327.61163    0   87          - 5327.61163      -     -    0s
     0     0 5354.05333    0   79          - 5354.05333      -     -    0s
     0     0 5354.05333    0   79          - 5354.05333      -     -    0s
     0     0 5354.05333    0   77          - 5354.05333      -     -    0s
     0     0 5354.05333    0   78          - 5354.05333      -     -    0s
     0     0 5354.05333    0   94          - 5354.05333      -     -    0s
     0     0 5354.05333    0   77          - 5354.05333      -     -    0s
     0     2 5366.66517    0   71          - 5366.66517      -     -    0s
*  241   229             104    9515.6422232 5366.66517  43.6%  18.1    1s
H  259   223                    9291.0990970 5366.66517  42.2%  17.5    2s
H  288   239                    8954.1196250 5366.66517  40.1%  18.3    2s
H  352   310                    8782.9550994 5366.66517  38.9%  17.8    3s
H  533   466                    8732.8874937 5366.66517  38.5%  18.5    4s
H  534   466                    8709.3212473 5366.66517  38.4%  18.5    4s
   733   637 5688.00677   37   77 8709.32125 5366.66517  38.4%  18.8    5s
H  734   606                    8552.5511043 5366.66517  37.3%  18.8    5s

Cutting planes:
  Learned: 7
  Gomory: 16
  Implied bound: 15
  Projected implied bound: 2
  MIR: 13
  StrongCG: 3
  Flow cover: 23
  Zero half: 2
  RLT: 80

Explored 776 nodes (24345 simplex iterations) in 10.03 seconds
Thread count was 4 (of 4 available processors)

Solution count 7: 8552.55 8709.32 8732.89 ... 9515.64

Time limit reached
Best objective 8.552551104261e+03, best bound 5.442707541281e+03, gap 36.3616%

Gurobi 9.1.2 (win64, Java) logging started Thu Oct 28 22:52:06 2021


--------------------------------------------
Warning: your license will expire in 10 days
--------------------------------------------

Academic license - for non-commercial use only - expires 2021-11-07
Warning: variable name "x= veículo: 0, origem: 0, destino: 1" has a space
Warning: constraint name "RES 1, NÓ 0" has a space
Warning: to let Gurobi read it back, use rlp format
Gurobi Optimizer version 9.1.2 build v9.1.2rc0 (win64)
Thread count: 2 physical cores, 4 logical processors, using up to 4 threads
Optimize a model with 973 rows, 3509 columns and 18792 nonzeros
Model fingerprint: 0x477b44dd
Variable types: 0 continuous, 3509 integer (3480 binary)
Coefficient statistics:
  Matrix range     [1e+00, 1e+02]
  Objective range  [2e+00, 1e+03]
  Bounds range     [1e+00, 1e+02]
  RHS range        [1e+00, 1e+02]
Presolve removed 4 rows and 0 columns
Presolve time: 0.03s
Presolved: 969 rows, 3509 columns, 18552 nonzeros
Variable types: 0 continuous, 3509 integer (3480 binary)

Root relaxation: objective 4.287600e+03, 361 iterations, 0.01 seconds

    Nodes    |    Current Node    |     Objective Bounds      |     Work
 Expl Unexpl |  Obj  Depth IntInf | Incumbent    BestBd   Gap | It/Node Time

     0     0 4287.59981    0   74          - 4287.59981      -     -    0s
     0     0 5292.58161    0   97          - 5292.58161      -     -    0s
     0     0 5327.61163    0   79          - 5327.61163      -     -    0s
     0     0 5327.61163    0   82          - 5327.61163      -     -    0s
     0     0 5327.61163    0   87          - 5327.61163      -     -    0s
     0     0 5354.05333    0   79          - 5354.05333      -     -    0s
     0     0 5354.05333    0   79          - 5354.05333      -     -    0s
     0     0 5354.05333    0   77          - 5354.05333      -     -    0s
     0     0 5354.05333    0   78          - 5354.05333      -     -    0s
     0     0 5354.05333    0   94          - 5354.05333      -     -    0s
     0     0 5354.05333    0   77          - 5354.05333      -     -    0s
     0     2 5366.66517    0   71          - 5366.66517      -     -    0s
*  241   229             104    9515.6422232 5366.66517  43.6%  18.1    1s
H  259   223                    9291.0990970 5366.66517  42.2%  17.5    1s
H  288   239                    8954.1196250 5366.66517  40.1%  18.3    2s
H  352   310                    8782.9550994 5366.66517  38.9%  17.8    3s
H  533   466                    8732.8874937 5366.66517  38.5%  18.5    4s
H  534   466                    8709.3212473 5366.66517  38.4%  18.5    4s
   733   637 5688.00677   37   77 8709.32125 5366.66517  38.4%  18.8    5s
H  734   606                    8552.5511043 5366.66517  37.3%  18.8    5s
   777   636 6699.49748   55  136 8552.55110 5442.70754  36.4%  28.0   10s
   824   672 5460.97817   27  125 8552.55110 5455.30388  36.2%  39.3   15s
H  826   639                    8462.2119602 5455.30388  35.5%  39.2   15s
H  858   630                    8450.8106244 5469.29783  35.3%  40.4   15s
H 1054   734                    8369.6404874 5469.29783  34.7%  42.2   17s
H 1063   714                    8104.5594851 5469.29783  32.5%  42.2   18s
H 1238   768                    7833.6117645 5469.29783  30.2%  42.8   20s
H 1442   824                    7787.5921721 5469.29783  29.8%  43.1   23s
  1913  1016 6036.13576  117   76 7787.59217 5469.29783  29.8%  41.5   25s
H 2136  1046                    7773.0963589 5469.29783  29.6%  41.0   26s
  2780  1703 6581.81450  211   58 7773.09636 5469.29783  29.6%  39.7   30s
  4006  2733 5793.32128   52   99 7773.09636 5475.64938  29.6%  38.9   35s
  4914  3419 6000.25016   99   78 7773.09636 5517.62063  29.0%  39.2   42s
H 4924  3273                    7593.1281853 5517.62063  27.3%  39.1   42s
  5422  3894 6229.46266   64   87 7593.12819 5518.65435  27.3%  38.1   45s
  6841  5256 5975.86595   66   45 7593.12819 5528.71067  27.2%  36.5   50s
H 7814  5864                    7569.4147673 5530.82011  26.9%  35.4   55s
H 8011  5623                    7328.1966580 5535.99123  24.5%  35.3   56s
H 8200  5511                    7282.7592773 5536.24899  24.0%  35.2   56s
  8925  6221 5830.05663   38  102 7282.75928 5540.72136  23.9%  35.2   60s

Cutting planes:
  Learned: 13
  Gomory: 16
  Cover: 2
  Implied bound: 29
  Projected implied bound: 24
  MIR: 28
  StrongCG: 2
  Flow cover: 57
  Inf proof: 5
  Zero half: 54
  RLT: 162
  Relax-and-lift: 9

Explored 9073 nodes (320103 simplex iterations) in 60.01 seconds
Thread count was 4 (of 4 available processors)

Solution count 10: 7282.76 7328.2 7569.41 ... 8450.81

Time limit reached
Best objective 7.282759277276e+03, best bound 5.540721357629e+03, gap 23.9200%

Gurobi 9.1.2 (win64, Java) logging started Sun Oct 31 11:52:47 2021


--------------------------------------------
Warning: your license will expire in 7 days
--------------------------------------------

Academic license - for non-commercial use only - expires 2021-11-07
Warning: variable name "x= veículo: 0, origem: 0, destino: 1" has a space
Warning: constraint name "RES 1, NÓ 0" has a space
Warning: to let Gurobi read it back, use rlp format
Gurobi Optimizer version 9.1.2 build v9.1.2rc0 (win64)
Thread count: 2 physical cores, 4 logical processors, using up to 4 threads
Optimize a model with 973 rows, 3509 columns and 18792 nonzeros
Model fingerprint: 0x477b44dd
Variable types: 0 continuous, 3509 integer (3480 binary)
Coefficient statistics:
  Matrix range     [1e+00, 1e+02]
  Objective range  [2e+00, 1e+03]
  Bounds range     [1e+00, 1e+02]
  RHS range        [1e+00, 1e+02]
Presolve removed 4 rows and 0 columns
Presolve time: 0.03s
Presolved: 969 rows, 3509 columns, 18552 nonzeros
Variable types: 0 continuous, 3509 integer (3480 binary)

Root relaxation: objective 4.287600e+03, 361 iterations, 0.01 seconds

    Nodes    |    Current Node    |     Objective Bounds      |     Work
 Expl Unexpl |  Obj  Depth IntInf | Incumbent    BestBd   Gap | It/Node Time

     0     0 4287.59981    0   74          - 4287.59981      -     -    0s
     0     0 5292.58161    0   97          - 5292.58161      -     -    0s
     0     0 5327.61163    0   79          - 5327.61163      -     -    0s
     0     0 5327.61163    0   82          - 5327.61163      -     -    0s
     0     0 5327.61163    0   87          - 5327.61163      -     -    0s
     0     0 5354.05333    0   79          - 5354.05333      -     -    0s
     0     0 5354.05333    0   79          - 5354.05333      -     -    0s
     0     0 5354.05333    0   77          - 5354.05333      -     -    0s
     0     0 5354.05333    0   78          - 5354.05333      -     -    0s
     0     0 5354.05333    0   94          - 5354.05333      -     -    0s
     0     0 5354.05333    0   77          - 5354.05333      -     -    0s
     0     2 5366.66517    0   71          - 5366.66517      -     -    1s
*  241   229             104    9515.6422232 5366.66517  43.6%  18.1    2s
H  259   223                    9291.0990970 5366.66517  42.2%  17.5    2s
H  288   239                    8954.1196250 5366.66517  40.1%  18.3    4s
H  352   310                    8782.9550994 5366.66517  38.9%  17.8    4s
   499   443 7043.33984  109   66 8782.95510 5366.66517  38.9%  19.0    5s
H  533   466                    8732.8874937 5366.66517  38.5%  18.5    5s
H  534   466                    8709.3212473 5366.66517  38.4%  18.5    5s
H  734   606                    8552.5511043 5366.66517  37.3%  18.8    7s
   761   624 5815.17871   11  173 8552.55110 5442.64338  36.4%  18.1   10s
   791   645 5461.48362   30  177 8552.55110 5446.06029  36.3%  27.5   15s
H  826   639                    8462.2119602 5455.30388  35.5%  39.2   19s
H  858   630                    8450.8106244 5469.29783  35.3%  40.4   19s
   876   647 5528.13813   34   76 8450.81062 5469.29783  35.3%  41.4   20s
H 1054   734                    8369.6404874 5469.29783  34.7%  42.2   22s
H 1063   714                    8104.5594851 5469.29783  32.5%  42.2   23s
H 1238   768                    7833.6117645 5469.29783  30.2%  42.8   26s
H 1442   824                    7787.5921721 5469.29783  29.8%  43.1   29s
  1577   857 6016.83620   90   92 7787.59217 5469.29783  29.8%  42.1   30s
H 2136  1046                    7773.0963589 5469.29783  29.6%  41.0   33s
  2419  1365 6420.14634  162   53 7773.09636 5469.29783  29.6%  39.9   35s
  3402  2176 6580.34656   81   94 7773.09636 5469.80674  29.6%  39.0   40s
  4273  3034 infeasible   80      7773.09636 5475.64938  29.6%  39.2   45s
  4914  3419 6000.25016   99   78 7773.09636 5517.62063  29.0%  39.2   54s
H 4924  3273                    7593.1281853 5517.62063  27.3%  39.1   54s
  4958  3515 6218.24205  110   75 7593.12819 5517.62063  27.3%  39.1   55s
  6215  4479 5702.33330   38   53 7593.12819 5528.36128  27.2%  37.4   60s
  6841  5256 5975.86595   66   45 7593.12819 5528.71067  27.2%  36.5   65s
H 7814  5864                    7569.4147673 5530.82011  26.9%  35.4   70s
H 8011  5623                    7328.1966580 5535.99123  24.5%  35.3   72s
H 8200  5511                    7282.7592773 5536.24899  24.0%  35.2   72s
  8561  6073     cutoff  129      7282.75928 5540.53537  23.9%  35.5   75s
  9773  7121 6073.92116   61   71 7282.75928 5547.74687  23.8%  35.6   80s
